{"/Users/priley/GitHub/storybook-react-demo/src/index.js": {"path":"/Users/priley/GitHub/storybook-react-demo/src/index.js","statementMap":{},"fnMap":{},"branchMap":{},"s":{},"f":{},"b":{},"_coverageSchema":"332fd63041d2c1bcb487cc26dd0d5f7d97098a6c","hash":"86fc0e525e68a6f23e3511e1103cf92c6440b494"}
,"/Users/priley/GitHub/storybook-react-demo/src/Button/Button.js": {"path":"/Users/priley/GitHub/storybook-react-demo/src/Button/Button.js","statementMap":{"0":{"start":{"line":7,"column":15},"end":{"line":13,"column":1}},"1":{"start":{"line":8,"column":2},"end":{"line":12,"column":3}},"2":{"start":{"line":15,"column":0},"end":{"line":22,"column":1}}},"fnMap":{"0":{"name":"(anonymous_0)","decl":{"start":{"line":7,"column":15},"end":{"line":7,"column":16}},"loc":{"start":{"line":7,"column":52},"end":{"line":13,"column":1}},"line":7}},"branchMap":{},"s":{"0":1,"1":1,"2":1},"f":{"0":1},"b":{},"_coverageSchema":"332fd63041d2c1bcb487cc26dd0d5f7d97098a6c","hash":"60f37ab905e0896cc15eb5a6e4afe29f1fa41848"}
}
